[2018-05-13 11:42:30.696] [INFO] cheese - 

Started 2018-05-13T03:42:30.695Z GET /code?id=0.6808788352419861 ::ffff:127.0.0.1
[2018-05-13 11:42:30.709] [INFO] cheese - Completed 404 undefined
[2018-05-13 11:43:39.107] [INFO] cheese - 

Started 2018-05-13T03:43:39.107Z GET /user/code?id=0.7095709556022742 ::ffff:127.0.0.1
[2018-05-13 11:43:39.137] [INFO] cheese - Completed 200 undefined
[2018-05-13 11:44:07.251] [INFO] cheese - 

Started 2018-05-13T03:44:07.251Z GET /user/code?id=0.6704649608528497 ::ffff:127.0.0.1
[2018-05-13 11:44:07.255] [INFO] cheese - Completed 200 undefined
[2018-05-13 11:44:15.135] [INFO] cheese - 

Started 2018-05-13T03:44:15.135Z GET /user/code?id=0.4950991304668759 ::ffff:127.0.0.1
[2018-05-13 11:44:15.160] [INFO] cheese - Completed 200 undefined
[2018-05-13 12:07:26.977] [INFO] cheese - 

Started 2018-05-13T04:07:26.976Z POST /user/registuser ::ffff:127.0.0.1
[2018-05-13 12:07:27.028] [INFO] cheese - Completed 200 undefined
[2018-05-13 12:09:09.066] [INFO] cheese - 

Started 2018-05-13T04:09:09.066Z POST /login ::ffff:127.0.0.1
[2018-05-13 12:09:09.071] [INFO] cheese - Completed 404 undefined
[2018-05-13 12:10:14.709] [INFO] cheese - 

Started 2018-05-13T04:10:14.709Z POST /user/login ::ffff:127.0.0.1
[2018-05-13 12:10:14.717] [INFO] cheese - Completed 200 undefined
[2018-05-13 13:59:17.039] [INFO] cheese - 

Started 2018-05-13T05:59:17.039Z GET /user/code?id=0.13024687127988166 ::ffff:127.0.0.1
[2018-05-13 13:59:17.045] [INFO] cheese - Completed 200 undefined
[2018-05-13 13:59:17.904] [INFO] cheese - 

Started 2018-05-13T05:59:17.904Z GET /user/code?id=0.4926364264030876 ::ffff:127.0.0.1
[2018-05-13 13:59:17.908] [INFO] cheese - Completed 200 undefined
[2018-05-13 13:59:18.329] [INFO] cheese - 

Started 2018-05-13T05:59:18.329Z GET /user/code?id=0.06708113077130173 ::ffff:127.0.0.1
[2018-05-13 13:59:18.332] [INFO] cheese - Completed 200 undefined
[2018-05-13 13:59:18.560] [INFO] cheese - 

Started 2018-05-13T05:59:18.560Z GET /user/code?id=0.8469663522194959 ::ffff:127.0.0.1
[2018-05-13 13:59:18.564] [INFO] cheese - Completed 200 undefined
[2018-05-13 13:59:18.761] [INFO] cheese - 

Started 2018-05-13T05:59:18.761Z GET /user/code?id=0.6957885843711793 ::ffff:127.0.0.1
[2018-05-13 13:59:18.764] [INFO] cheese - Completed 200 undefined
[2018-05-14 21:31:35.134] [INFO] cheese - 

Started 2018-05-14T13:31:35.134Z POST /user/login ::ffff:127.0.0.1
[2018-05-14 21:37:35.098] [INFO] cheese - 

Started 2018-05-14T13:37:35.097Z POST /user/login ::ffff:127.0.0.1
[2018-05-26 17:06:56.278] [INFO] cheese - 

Started 2018-05-26T09:06:56.277Z GET /favicon.ico ::1
[2018-05-26 17:06:56.286] [INFO] cheese - Completed 404 undefined
[2018-05-26 17:08:14.746] [INFO] cheese - 

Started 2018-05-26T09:08:14.746Z GET /user/code?id=0.5378169670852677 ::ffff:127.0.0.1
[2018-05-26 17:08:14.754] [INFO] cheese - Completed 500 undefined
[2018-05-26 17:10:57.762] [INFO] cheese - 

Started 2018-05-26T09:10:57.762Z GET /user/code?id=0.1456044189688228 ::ffff:127.0.0.1
[2018-05-26 17:10:57.775] [INFO] cheese - Completed 500 undefined
[2018-05-26 17:13:00.426] [INFO] cheese - 

Started 2018-05-26T09:13:00.426Z GET /user/code?id=0.05853317637782385 ::ffff:127.0.0.1
[2018-05-26 17:13:00.436] [INFO] cheese - Completed 500 undefined
[2018-05-26 17:13:30.664] [INFO] cheese - 

Started 2018-05-26T09:13:30.663Z GET /user/code?id=0.770233884211593 ::ffff:127.0.0.1
[2018-05-26 17:13:30.681] [INFO] cheese - Completed 200 undefined
[2018-05-26 17:16:57.861] [INFO] cheese - 

Started 2018-05-26T09:16:57.860Z GET /user/code?id=0.17470055551347308 ::ffff:127.0.0.1
[2018-05-26 17:16:57.872] [INFO] cheese - Completed 200 undefined
[2018-05-26 17:23:09.268] [INFO] cheese - 

Started 2018-05-26T09:23:09.267Z GET /user/code?id=0.29002084033823183 ::ffff:127.0.0.1
[2018-05-26 17:23:09.283] [INFO] cheese - Completed 200 undefined
[2018-05-26 17:24:40.788] [INFO] cheese - 

Started 2018-05-26T09:24:40.788Z GET /user/code?id=0.7460972870644993 ::ffff:127.0.0.1
[2018-05-26 17:24:40.800] [INFO] cheese - Completed 200 undefined
[2018-05-26 17:25:03.870] [INFO] cheese - 

Started 2018-05-26T09:25:03.868Z GET /user/code?id=0.09833310685529817 ::ffff:127.0.0.1
[2018-05-26 17:25:03.880] [INFO] cheese - Completed 500 undefined
[2018-05-26 17:26:10.262] [INFO] cheese - 

Started 2018-05-26T09:26:10.261Z GET /user/code?id=0.3406941868372131 ::ffff:127.0.0.1
[2018-05-26 17:26:10.291] [INFO] cheese - Completed 200 undefined
[2018-05-26 17:31:26.434] [INFO] cheese - 

Started 2018-05-26T09:31:26.434Z GET /user/code?id=0.2471700922247324 ::ffff:127.0.0.1
[2018-05-26 17:31:26.450] [INFO] cheese - Completed 200 undefined
[2018-05-26 17:31:48.610] [INFO] cheese - 

Started 2018-05-26T09:31:48.610Z POST /user/registuser ::ffff:127.0.0.1
[2018-05-26 17:31:48.616] [INFO] cheese - Completed 500 undefined
[2018-05-26 17:32:22.575] [INFO] cheese - 

Started 2018-05-26T09:32:22.574Z POST /user/registuser ::ffff:127.0.0.1
[2018-05-26 17:56:43.634] [INFO] cheese - 

Started 2018-05-26T09:56:43.634Z GET /user/code?id=0.5535447647733378 ::ffff:127.0.0.1
[2018-05-26 17:56:43.645] [INFO] cheese - Completed 200 undefined
[2018-05-26 17:57:11.010] [INFO] cheese - 

Started 2018-05-26T09:57:11.010Z POST /user/registuser ::ffff:127.0.0.1
[2018-05-26 18:00:46.792] [INFO] cheese - 

Started 2018-05-26T10:00:46.791Z GET /user/code?id=0.8435314863476575 ::ffff:127.0.0.1
[2018-05-26 18:00:46.868] [INFO] cheese - Completed 200 undefined
[2018-05-26 18:01:04.767] [INFO] cheese - 

Started 2018-05-26T10:01:04.767Z POST /user/registuser ::ffff:127.0.0.1
[2018-05-26 18:16:08.083] [INFO] cheese - 

Started 2018-05-26T10:16:08.083Z GET /user/code?id=0.6318182356338544 ::ffff:127.0.0.1
[2018-05-26 18:16:08.091] [INFO] cheese - Completed 200 undefined
[2018-05-26 18:17:49.605] [INFO] cheese - 

Started 2018-05-26T10:17:49.605Z POST /user/registuser ::ffff:127.0.0.1
[2018-05-26 18:20:53.833] [INFO] cheese - 

Started 2018-05-26T10:20:53.832Z GET /user/code?id=0.9146961417231514 ::ffff:127.0.0.1
[2018-05-26 18:20:53.850] [INFO] cheese - Completed 200 undefined
[2018-05-26 18:21:08.696] [INFO] cheese - 

Started 2018-05-26T10:21:08.696Z POST /user/registuser ::ffff:127.0.0.1
[2018-05-26 18:24:45.622] [INFO] cheese - 

Started 2018-05-26T10:24:45.621Z GET /user/code?id=0.2155506327719583 ::ffff:127.0.0.1
[2018-05-26 18:24:45.639] [INFO] cheese - Completed 200 undefined
[2018-05-26 18:25:04.993] [INFO] cheese - 

Started 2018-05-26T10:25:04.993Z POST /user/registuser ::ffff:127.0.0.1
[2018-05-26 18:27:14.399] [INFO] cheese - 

Started 2018-05-26T10:27:14.398Z GET /user/code?id=0.11036742238527042 ::ffff:127.0.0.1
[2018-05-26 18:27:14.427] [INFO] cheese - Completed 200 undefined
[2018-05-26 18:27:32.110] [INFO] cheese - 

Started 2018-05-26T10:27:32.109Z POST /user/registuser ::ffff:127.0.0.1
[2018-05-26 18:29:12.280] [INFO] cheese - 

Started 2018-05-26T10:29:12.279Z GET / ::1
[2018-05-26 18:29:12.290] [INFO] cheese - Completed 304 undefined
[2018-05-26 18:29:12.311] [INFO] cheese - 

Started 2018-05-26T10:29:12.311Z GET /src/css/styleret.css ::1
[2018-05-26 18:29:12.350] [INFO] cheese - 

Started 2018-05-26T10:29:12.350Z GET /src/js/adaptive.js ::1
[2018-05-26 18:29:12.386] [INFO] cheese - 

Started 2018-05-26T10:29:12.386Z GET /dist/build.js ::1
[2018-05-26 18:29:12.392] [INFO] cheese - Completed 304 undefined
[2018-05-26 18:29:12.439] [INFO] cheese - Completed 304 undefined
[2018-05-26 18:29:12.443] [INFO] cheese - Completed 304 undefined
[2018-05-26 18:29:12.561] [INFO] cheese - 

Started 2018-05-26T10:29:12.561Z GET /dist/12.build.js ::1
[2018-05-26 18:29:12.564] [INFO] cheese - Completed 304 undefined
[2018-05-26 18:29:12.586] [INFO] cheese - 

Started 2018-05-26T10:29:12.586Z GET /dist/build.js.map ::1
[2018-05-26 18:29:12.588] [INFO] cheese - Completed 304 undefined
[2018-05-26 18:29:12.674] [INFO] cheese - 

Started 2018-05-26T10:29:12.674Z GET /user/code?id=0.17993290103540605 ::ffff:127.0.0.1
[2018-05-26 18:29:12.693] [INFO] cheese - Completed 200 undefined
[2018-05-26 18:29:12.954] [INFO] cheese - 

Started 2018-05-26T10:29:12.953Z GET /dist/12.build.js.map ::1
[2018-05-26 18:29:12.955] [INFO] cheese - Completed 304 undefined
[2018-05-26 18:29:25.828] [INFO] cheese - 

Started 2018-05-26T10:29:25.828Z POST /user/registuser ::ffff:127.0.0.1
[2018-05-26 18:44:04.068] [INFO] cheese - 

Started 2018-05-26T10:44:04.067Z GET / ::1
[2018-05-26 18:44:04.085] [INFO] cheese - Completed 304 undefined
[2018-05-26 18:44:04.127] [INFO] cheese - 

Started 2018-05-26T10:44:04.126Z GET /src/css/styleret.css ::1
[2018-05-26 18:44:04.143] [INFO] cheese - 

Started 2018-05-26T10:44:04.143Z GET /src/js/adaptive.js ::1
[2018-05-26 18:44:04.145] [INFO] cheese - 

Started 2018-05-26T10:44:04.145Z GET /dist/build.js ::1
[2018-05-26 18:44:04.149] [INFO] cheese - Completed 304 undefined
[2018-05-26 18:44:04.152] [INFO] cheese - Completed 304 undefined
[2018-05-26 18:44:04.155] [INFO] cheese - Completed 304 undefined
[2018-05-26 18:44:04.314] [INFO] cheese - 

Started 2018-05-26T10:44:04.314Z GET /dist/12.build.js ::1
[2018-05-26 18:44:04.318] [INFO] cheese - Completed 304 undefined
[2018-05-26 18:44:04.342] [INFO] cheese - 

Started 2018-05-26T10:44:04.342Z GET /dist/build.js.map ::1
[2018-05-26 18:44:04.345] [INFO] cheese - Completed 304 undefined
[2018-05-26 18:44:04.427] [INFO] cheese - 

Started 2018-05-26T10:44:04.427Z GET /user/code?id=0.7264352078776672 ::ffff:127.0.0.1
[2018-05-26 18:44:04.452] [INFO] cheese - Completed 200 undefined
[2018-05-26 18:44:04.692] [INFO] cheese - 

Started 2018-05-26T10:44:04.692Z GET /dist/12.build.js.map ::1
[2018-05-26 18:44:04.695] [INFO] cheese - Completed 304 undefined
[2018-05-26 18:44:29.695] [INFO] cheese - 

Started 2018-05-26T10:44:29.695Z POST /user/registuser ::ffff:127.0.0.1
[2018-05-26 19:00:35.893] [INFO] cheese - 

Started 2018-05-26T11:00:35.892Z GET / ::1
[2018-05-26 19:00:35.911] [INFO] cheese - Completed 304 undefined
[2018-05-26 19:00:35.941] [INFO] cheese - 

Started 2018-05-26T11:00:35.941Z GET /src/css/styleret.css ::1
[2018-05-26 19:00:35.947] [INFO] cheese - 

Started 2018-05-26T11:00:35.947Z GET /src/js/adaptive.js ::1
[2018-05-26 19:00:35.951] [INFO] cheese - 

Started 2018-05-26T11:00:35.951Z GET /dist/build.js ::1
[2018-05-26 19:00:35.961] [INFO] cheese - Completed 304 undefined
[2018-05-26 19:00:35.964] [INFO] cheese - Completed 304 undefined
[2018-05-26 19:00:35.967] [INFO] cheese - Completed 304 undefined
[2018-05-26 19:00:36.113] [INFO] cheese - 

Started 2018-05-26T11:00:36.113Z GET /dist/0.build.js ::1
[2018-05-26 19:00:36.116] [INFO] cheese - Completed 304 undefined
[2018-05-26 19:00:36.189] [INFO] cheese - 

Started 2018-05-26T11:00:36.189Z GET /dist/search.png?b3baddcd2fb4cdb8d57a0949be62be37 ::1
[2018-05-26 19:00:36.191] [INFO] cheese - 

Started 2018-05-26T11:00:36.191Z GET /dist/timg.jpg?fe2f1b8a84fd358c70aa26ac05325199 ::1
[2018-05-26 19:00:36.192] [INFO] cheese - 

Started 2018-05-26T11:00:36.192Z GET /dist/fushi1.png?469f377a2f078c169c96704832bc8a17 ::1
[2018-05-26 19:00:36.197] [INFO] cheese - 

Started 2018-05-26T11:00:36.197Z GET /dist/shiwu1.png?19b6324c3125e0aa6a0d8d6dba304361 ::1
[2018-05-26 19:00:36.198] [INFO] cheese - 

Started 2018-05-26T11:00:36.198Z GET /dist/baihuo1.png?32bfe7733f33819d0888cb8103791606 ::1
[2018-05-26 19:00:36.201] [INFO] cheese - 

Started 2018-05-26T11:00:36.201Z GET /dist/ershou1.png?454dd90d09bd205a5642f9f7abaa920f ::1
[2018-05-26 19:00:36.204] [INFO] cheese - Completed 304 undefined
[2018-05-26 19:00:36.211] [INFO] cheese - Completed 304 undefined
[2018-05-26 19:00:36.218] [INFO] cheese - Completed 304 undefined
[2018-05-26 19:00:36.220] [INFO] cheese - 

Started 2018-05-26T11:00:36.220Z GET /dist/zhongxin.png?585264935bd42db38d62ae000fcc2733 ::1
[2018-05-26 19:00:36.222] [INFO] cheese - Completed 304 undefined
[2018-05-26 19:00:36.226] [INFO] cheese - Completed 304 undefined
[2018-05-26 19:00:36.227] [INFO] cheese - Completed 304 undefined
[2018-05-26 19:00:36.236] [INFO] cheese - Completed 304 undefined
[2018-05-26 19:00:36.237] [INFO] cheese - 

Started 2018-05-26T11:00:36.237Z GET /dist/shouye.png?98da7622da94a811fac8eaf01adfea63 ::1
[2018-05-26 19:00:36.238] [INFO] cheese - 

Started 2018-05-26T11:00:36.238Z GET /dist/fenlei.png?6f69ab8e8a10b5d7219ca4185bf25cef ::1
[2018-05-26 19:00:36.240] [INFO] cheese - 

Started 2018-05-26T11:00:36.240Z GET /dist/gouwuche.png?6f7c6888f7d3556e57bd1dcd55fa69d4 ::1
[2018-05-26 19:00:36.247] [INFO] cheese - Completed 304 undefined
[2018-05-26 19:00:36.248] [INFO] cheese - Completed 304 undefined
[2018-05-26 19:00:36.250] [INFO] cheese - Completed 304 undefined
[2018-05-26 19:00:36.464] [INFO] cheese - 

Started 2018-05-26T11:00:36.464Z GET /dist/local_pic.png?00c4e9debcbab3f5a8c1abb7ac1515da ::1
[2018-05-26 19:00:36.467] [INFO] cheese - Completed 304 undefined
[2018-05-26 19:00:42.621] [INFO] cheese - 

Started 2018-05-26T11:00:42.621Z GET /src/css/styleret.css ::1
[2018-05-26 19:00:42.627] [INFO] cheese - Completed 304 undefined
[2018-05-26 19:00:42.705] [INFO] cheese - 

Started 2018-05-26T11:00:42.705Z GET /dist/build.js.map ::1
[2018-05-26 19:00:42.707] [INFO] cheese - 

Started 2018-05-26T11:00:42.707Z GET /dist/0.build.js.map ::1
[2018-05-26 19:00:42.712] [INFO] cheese - Completed 304 undefined
[2018-05-26 19:00:42.713] [INFO] cheese - Completed 304 undefined
[2018-05-26 19:00:46.007] [INFO] cheese - 

Started 2018-05-26T11:00:46.007Z GET /dist/1.build.js ::1
[2018-05-26 19:00:46.010] [INFO] cheese - Completed 304 undefined
[2018-05-26 19:00:47.235] [INFO] cheese - 

Started 2018-05-26T11:00:47.234Z GET /dist/1.build.js.map ::1
[2018-05-26 19:00:47.239] [INFO] cheese - Completed 304 undefined
[2018-05-26 19:00:47.245] [INFO] cheese - 

Started 2018-05-26T11:00:47.245Z GET /dist/touxiang.jpg?dd668597cf98ecec5393f9d6d9753f78 ::1
[2018-05-26 19:00:47.248] [INFO] cheese - Completed 304 undefined
[2018-05-26 19:00:47.252] [INFO] cheese - 

Started 2018-05-26T11:00:47.252Z GET /dist/daifahuo.png?6bf503d30ed0debeabac53e6e048c1b5 ::1
[2018-05-26 19:00:47.260] [INFO] cheese - 

Started 2018-05-26T11:00:47.260Z GET /dist/fahuozhong.png?09eca7167bcaef96f9ef327e3c0e0234 ::1
[2018-05-26 19:00:47.261] [INFO] cheese - Completed 304 undefined
[2018-05-26 19:00:47.266] [INFO] cheese - 

Started 2018-05-26T11:00:47.266Z GET /dist/daipingjia.png?3c25489d3ba5a572c80c77706280ebf8 ::1
[2018-05-26 19:00:47.267] [INFO] cheese - 

Started 2018-05-26T11:00:47.267Z GET /dist/myzl.png?b4c7097b30b7bc425cd7f88eb5b26240 ::1
[2018-05-26 19:00:47.269] [INFO] cheese - 

Started 2018-05-26T11:00:47.269Z GET /dist/shangjia.png?2538dada35018378212d5599f1f72e4d ::1
[2018-05-26 19:00:47.275] [INFO] cheese - 

Started 2018-05-26T11:00:47.275Z GET /dist/shouhuodizhi.png?bae76a35b0e93af70ec111696eb907b3 ::1
[2018-05-26 19:00:47.278] [INFO] cheese - Completed 304 undefined
[2018-05-26 19:00:47.279] [INFO] cheese - Completed 304 undefined
[2018-05-26 19:00:47.281] [INFO] cheese - Completed 304 undefined
[2018-05-26 19:00:47.282] [INFO] cheese - 

Started 2018-05-26T11:00:47.282Z GET /dist/work.png?cd14fb3bf7bf5b93f2cd88b177116e10 ::1
[2018-05-26 19:00:47.286] [INFO] cheese - Completed 304 undefined
[2018-05-26 19:00:47.295] [INFO] cheese - Completed 304 undefined
[2018-05-26 19:00:47.298] [INFO] cheese - 

Started 2018-05-26T11:00:47.298Z GET /dist/fuwuzhongxin.png?77d7491df2409eaaf80181df8e9a6533 ::1
[2018-05-26 19:00:47.301] [INFO] cheese - Completed 304 undefined
[2018-05-26 19:00:47.307] [INFO] cheese - 

Started 2018-05-26T11:00:47.307Z GET /dist/shouye.png?98da7622da94a811fac8eaf01adfea63 ::1
[2018-05-26 19:00:47.309] [INFO] cheese - 

Started 2018-05-26T11:00:47.309Z GET /dist/gouwuche.png?6f7c6888f7d3556e57bd1dcd55fa69d4 ::1
[2018-05-26 19:00:47.313] [INFO] cheese - 

Started 2018-05-26T11:00:47.313Z GET /dist/fenlei.png?6f69ab8e8a10b5d7219ca4185bf25cef ::1
[2018-05-26 19:00:47.319] [INFO] cheese - 

Started 2018-05-26T11:00:47.319Z GET /dist/zhongxin.png?585264935bd42db38d62ae000fcc2733 ::1
[2018-05-26 19:00:47.323] [INFO] cheese - Completed 304 undefined
[2018-05-26 19:00:47.325] [INFO] cheese - Completed 304 undefined
[2018-05-26 19:00:47.328] [INFO] cheese - Completed 304 undefined
[2018-05-26 19:00:47.331] [INFO] cheese - 

Started 2018-05-26T11:00:47.331Z GET /dist/my_background.jpg?6d502c5551118782f3faf36549f59a23 ::1
[2018-05-26 19:00:47.338] [INFO] cheese - Completed 304 undefined
[2018-05-26 19:00:47.342] [INFO] cheese - Completed 304 undefined
[2018-05-26 19:00:47.344] [INFO] cheese - Completed 304 undefined
[2018-05-26 19:00:51.677] [INFO] cheese - 

Started 2018-05-26T11:00:51.677Z GET /dist/9.build.js ::1
[2018-05-26 19:00:51.680] [INFO] cheese - Completed 304 undefined
[2018-05-26 19:00:51.699] [INFO] cheese - 

Started 2018-05-26T11:00:51.699Z GET /dist/weixin.jpg?90c2b9a2f3992bfe1224b1cec943a43a ::1
[2018-05-26 19:00:51.704] [INFO] cheese - 

Started 2018-05-26T11:00:51.704Z GET /dist/9.build.js.map ::1
[2018-05-26 19:00:51.705] [INFO] cheese - Completed 304 undefined
[2018-05-26 19:00:51.711] [INFO] cheese - Completed 304 undefined
[2018-05-26 19:01:09.616] [INFO] cheese - 

Started 2018-05-26T11:01:09.616Z GET /dist/12.build.js ::1
[2018-05-26 19:01:09.620] [INFO] cheese - Completed 304 undefined
[2018-05-26 19:01:09.638] [INFO] cheese - 

Started 2018-05-26T11:01:09.638Z GET /user/code?id=0.07439371597232958 ::ffff:127.0.0.1
[2018-05-26 19:01:09.658] [INFO] cheese - Completed 200 undefined
[2018-05-26 19:01:09.661] [INFO] cheese - 

Started 2018-05-26T11:01:09.660Z GET /dist/12.build.js.map ::1
[2018-05-26 19:01:09.665] [INFO] cheese - Completed 304 undefined
[2018-05-26 19:01:35.335] [INFO] cheese - 

Started 2018-05-26T11:01:35.335Z POST /user/registuser ::ffff:127.0.0.1
[2018-05-26 19:01:38.300] [INFO] cheese - 

Started 2018-05-26T11:01:38.300Z POST /user/registuser ::ffff:127.0.0.1
[2018-05-26 19:01:38.911] [INFO] cheese - 

Started 2018-05-26T11:01:38.911Z POST /user/registuser ::ffff:127.0.0.1
[2018-05-26 19:01:39.173] [INFO] cheese - 

Started 2018-05-26T11:01:39.172Z POST /user/registuser ::ffff:127.0.0.1
[2018-05-26 19:01:39.396] [INFO] cheese - 

Started 2018-05-26T11:01:39.396Z POST /user/registuser ::ffff:127.0.0.1
[2018-05-26 19:01:39.602] [INFO] cheese - 

Started 2018-05-26T11:01:39.602Z POST /user/registuser ::ffff:127.0.0.1
[2018-05-26 19:03:35.343] [INFO] cheese - 

Started 2018-05-26T11:03:35.343Z POST /user/registuser ::ffff:127.0.0.1
[2018-05-26 19:03:38.304] [INFO] cheese - 

Started 2018-05-26T11:03:38.303Z POST /user/registuser ::ffff:127.0.0.1
[2018-05-26 19:03:38.916] [INFO] cheese - 

Started 2018-05-26T11:03:38.916Z POST /user/registuser ::ffff:127.0.0.1
[2018-05-26 19:03:39.178] [INFO] cheese - 

Started 2018-05-26T11:03:39.177Z POST /user/login ::ffff:127.0.0.1
[2018-05-26 19:03:39.203] [INFO] cheese - Completed 200 undefined
[2018-05-26 19:03:39.205] [INFO] cheese - 

Started 2018-05-26T11:03:39.205Z POST /user/login ::ffff:127.0.0.1
[2018-05-26 19:03:39.212] [INFO] cheese - Completed 200 undefined
[2018-05-26 19:03:39.217] [INFO] cheese - 

Started 2018-05-26T11:03:39.217Z POST /user/login ::ffff:127.0.0.1
[2018-05-26 19:03:39.222] [INFO] cheese - Completed 200 undefined
[2018-05-26 19:03:39.225] [INFO] cheese - 

Started 2018-05-26T11:03:39.225Z POST /user/login ::ffff:127.0.0.1
[2018-05-26 19:03:39.229] [INFO] cheese - Completed 200 undefined
[2018-05-26 19:03:39.234] [INFO] cheese - 

Started 2018-05-26T11:03:39.234Z POST /user/login ::ffff:127.0.0.1
[2018-05-26 19:03:39.240] [INFO] cheese - Completed 200 undefined
[2018-05-26 19:03:39.243] [INFO] cheese - 

Started 2018-05-26T11:03:39.243Z POST /user/login ::ffff:127.0.0.1
[2018-05-26 19:03:39.248] [INFO] cheese - Completed 200 undefined
[2018-05-26 19:03:39.251] [INFO] cheese - 

Started 2018-05-26T11:03:39.251Z POST /user/login ::ffff:127.0.0.1
[2018-05-26 19:03:39.256] [INFO] cheese - Completed 200 undefined
[2018-05-26 19:03:39.259] [INFO] cheese - 

Started 2018-05-26T11:03:39.259Z POST /user/login ::ffff:127.0.0.1
[2018-05-26 19:03:39.264] [INFO] cheese - Completed 200 undefined
[2018-05-26 19:03:39.267] [INFO] cheese - 

Started 2018-05-26T11:03:39.267Z POST /user/login ::ffff:127.0.0.1
[2018-05-26 19:03:39.277] [INFO] cheese - Completed 200 undefined
[2018-05-26 19:03:39.278] [INFO] cheese - 

Started 2018-05-26T11:03:39.278Z POST /user/login ::ffff:127.0.0.1
[2018-05-26 19:03:39.284] [INFO] cheese - Completed 200 undefined
[2018-05-26 19:03:39.286] [INFO] cheese - 

Started 2018-05-26T11:03:39.286Z POST /user/login ::ffff:127.0.0.1
[2018-05-26 19:03:39.291] [INFO] cheese - Completed 200 undefined
[2018-05-26 19:03:39.293] [INFO] cheese - 

Started 2018-05-26T11:03:39.292Z POST /user/login ::ffff:127.0.0.1
[2018-05-26 19:03:39.298] [INFO] cheese - Completed 200 undefined
[2018-05-26 19:03:39.300] [INFO] cheese - 

Started 2018-05-26T11:03:39.300Z POST /user/login ::ffff:127.0.0.1
[2018-05-26 19:03:39.304] [INFO] cheese - Completed 200 undefined
[2018-05-26 19:03:39.307] [INFO] cheese - 

Started 2018-05-26T11:03:39.307Z POST /user/login ::ffff:127.0.0.1
[2018-05-26 19:03:39.311] [INFO] cheese - Completed 200 undefined
[2018-05-26 19:03:39.313] [INFO] cheese - 

Started 2018-05-26T11:03:39.313Z POST /user/login ::ffff:127.0.0.1
[2018-05-26 19:03:39.319] [INFO] cheese - Completed 200 undefined
[2018-05-26 19:03:39.331] [INFO] cheese - 

Started 2018-05-26T11:03:39.331Z POST /user/login ::ffff:127.0.0.1
[2018-05-26 19:03:39.337] [INFO] cheese - Completed 200 undefined
[2018-05-26 19:03:39.340] [INFO] cheese - 

Started 2018-05-26T11:03:39.340Z POST /user/login ::ffff:127.0.0.1
[2018-05-26 19:03:39.346] [INFO] cheese - Completed 200 undefined
[2018-05-26 19:03:39.348] [INFO] cheese - 

Started 2018-05-26T11:03:39.348Z POST /user/login ::ffff:127.0.0.1
[2018-05-26 19:03:39.353] [INFO] cheese - Completed 200 undefined
[2018-05-26 19:03:42.906] [INFO] cheese - 

Started 2018-05-26T11:03:42.906Z GET /user/code?id=0.8826531147204715 ::ffff:127.0.0.1
[2018-05-26 19:03:42.921] [INFO] cheese - Completed 200 undefined
[2018-05-26 19:03:55.552] [INFO] cheese - 

Started 2018-05-26T11:03:55.552Z POST /user/registuser ::ffff:127.0.0.1
[2018-05-26 19:14:42.350] [INFO] cheese - 

Started 2018-05-26T11:14:42.350Z GET /user/code?id=0.13106744225781508 ::ffff:127.0.0.1
[2018-05-26 19:14:42.359] [INFO] cheese - Completed 200 undefined
[2018-05-26 19:15:03.775] [INFO] cheese - 

Started 2018-05-26T11:15:03.775Z POST /user/registuser ::ffff:127.0.0.1
[2018-05-26 19:15:03.819] [INFO] cheese - Completed 200 undefined
[2018-05-26 21:26:39.191] [INFO] cheese - 

Started 2018-05-26T13:26:39.191Z GET /user/code?id=0.8858121595271651 ::ffff:127.0.0.1
[2018-05-26 21:26:39.201] [INFO] cheese - Completed 200 undefined
[2018-05-26 21:33:06.993] [INFO] cheese - 

Started 2018-05-26T13:33:06.992Z GET /user/code?id=0.7051239592543543 ::ffff:127.0.0.1
[2018-05-26 21:33:07.013] [INFO] cheese - Completed 200 undefined
[2018-05-26 21:33:23.736] [INFO] cheese - 

Started 2018-05-26T13:33:23.736Z POST /user/registuser ::ffff:127.0.0.1
[2018-05-26 21:33:23.743] [INFO] cheese - Completed 200 undefined
[2018-05-26 21:34:44.424] [INFO] cheese - 

Started 2018-05-26T13:34:44.423Z GET /user/code?id=0.5938843777868223 ::ffff:127.0.0.1
[2018-05-26 21:34:44.451] [INFO] cheese - Completed 200 undefined
[2018-05-26 21:34:59.824] [INFO] cheese - 

Started 2018-05-26T13:34:59.824Z POST /user/registuser ::ffff:127.0.0.1
[2018-05-26 21:34:59.831] [INFO] cheese - Completed 200 undefined
[2018-05-26 21:37:13.096] [INFO] cheese - 

Started 2018-05-26T13:37:13.095Z POST /user/registuser ::ffff:127.0.0.1
[2018-05-26 21:37:13.107] [INFO] cheese - Completed 200 undefined
[2018-05-26 21:37:23.429] [INFO] cheese - 

Started 2018-05-26T13:37:23.429Z GET /user/code?id=0.11949767964039792 ::ffff:127.0.0.1
[2018-05-26 21:37:23.440] [INFO] cheese - Completed 200 undefined
[2018-05-26 21:37:37.479] [INFO] cheese - 

Started 2018-05-26T13:37:37.479Z POST /user/registuser ::ffff:127.0.0.1
[2018-05-26 21:37:37.483] [INFO] cheese - Completed 200 undefined
[2018-05-26 21:38:47.962] [INFO] cheese - 

Started 2018-05-26T13:38:47.961Z GET /user/code?id=0.5084777707416013 ::ffff:127.0.0.1
[2018-05-26 21:38:47.984] [INFO] cheese - Completed 200 undefined
[2018-05-26 21:38:57.141] [INFO] cheese - 

Started 2018-05-26T13:38:57.141Z POST /user/registuser ::ffff:127.0.0.1
[2018-05-26 21:38:57.151] [INFO] cheese - Completed 200 undefined
[2018-05-26 21:39:54.987] [INFO] cheese - 

Started 2018-05-26T13:39:54.986Z POST /user/registuser ::ffff:127.0.0.1
[2018-05-26 21:39:54.998] [INFO] cheese - Completed 200 undefined
[2018-05-26 21:40:04.287] [INFO] cheese - 

Started 2018-05-26T13:40:04.287Z POST /user/registuser ::ffff:127.0.0.1
[2018-05-26 21:40:04.290] [INFO] cheese - Completed 200 undefined
[2018-05-26 21:40:32.088] [INFO] cheese - 

Started 2018-05-26T13:40:32.087Z POST /user/registuser ::ffff:127.0.0.1
[2018-05-26 21:40:32.102] [INFO] cheese - Completed 200 undefined
[2018-05-26 21:40:32.947] [INFO] cheese - 

Started 2018-05-26T13:40:32.947Z POST /user/registuser ::ffff:127.0.0.1
[2018-05-26 21:40:32.950] [INFO] cheese - Completed 200 undefined
[2018-05-26 21:40:33.417] [INFO] cheese - 

Started 2018-05-26T13:40:33.417Z POST /user/registuser ::ffff:127.0.0.1
[2018-05-26 21:40:33.419] [INFO] cheese - Completed 200 undefined
[2018-05-26 21:40:33.681] [INFO] cheese - 

Started 2018-05-26T13:40:33.681Z POST /user/registuser ::ffff:127.0.0.1
[2018-05-26 21:40:33.683] [INFO] cheese - Completed 200 undefined
[2018-05-26 21:40:34.089] [INFO] cheese - 

Started 2018-05-26T13:40:34.089Z POST /user/registuser ::ffff:127.0.0.1
[2018-05-26 21:40:34.091] [INFO] cheese - Completed 200 undefined
[2018-05-26 21:40:34.332] [INFO] cheese - 

Started 2018-05-26T13:40:34.332Z POST /user/registuser ::ffff:127.0.0.1
[2018-05-26 21:40:34.334] [INFO] cheese - Completed 200 undefined
[2018-05-26 21:42:01.349] [INFO] cheese - 

Started 2018-05-26T13:42:01.349Z GET /user/code?id=0.8562057799854248 ::ffff:127.0.0.1
[2018-05-26 21:42:01.412] [INFO] cheese - Completed 200 undefined
[2018-05-26 21:42:09.219] [INFO] cheese - 

Started 2018-05-26T13:42:09.219Z POST /user/registuser ::ffff:127.0.0.1
[2018-05-26 21:42:09.222] [INFO] cheese - Completed 200 undefined
[2018-05-26 21:42:12.736] [INFO] cheese - 

Started 2018-05-26T13:42:12.736Z POST /user/registuser ::ffff:127.0.0.1
[2018-05-26 21:42:12.738] [INFO] cheese - Completed 200 undefined
[2018-05-26 21:42:45.088] [INFO] cheese - 

Started 2018-05-26T13:42:45.088Z GET /user/code?id=0.5826950370652255 ::ffff:127.0.0.1
[2018-05-26 21:42:45.103] [INFO] cheese - Completed 200 undefined
[2018-05-26 21:45:55.384] [INFO] cheese - 

Started 2018-05-26T13:45:55.384Z GET /user/code?id=0.6784869393967392 ::ffff:127.0.0.1
[2018-05-26 21:45:55.387] [INFO] cheese - Completed 200 undefined
[2018-05-26 21:46:06.354] [INFO] cheese - 

Started 2018-05-26T13:46:06.354Z POST /user/registuser ::ffff:127.0.0.1
[2018-05-26 21:46:06.358] [INFO] cheese - Completed 200 undefined
[2018-05-26 21:46:12.052] [INFO] cheese - 

Started 2018-05-26T13:46:12.051Z GET /user/code?id=0.07558292762544427 ::ffff:127.0.0.1
[2018-05-26 21:46:12.056] [INFO] cheese - Completed 200 undefined
[2018-05-26 21:46:18.245] [INFO] cheese - 

Started 2018-05-26T13:46:18.245Z POST /user/registuser ::ffff:127.0.0.1
[2018-05-26 21:46:18.247] [INFO] cheese - Completed 200 undefined
[2018-05-26 21:51:24.040] [INFO] cheese - 

Started 2018-05-26T13:51:24.040Z GET /user/code?id=0.505221475119159 ::ffff:127.0.0.1
[2018-05-26 21:51:24.053] [INFO] cheese - Completed 200 undefined
[2018-05-26 21:52:06.159] [INFO] cheese - 

Started 2018-05-26T13:52:06.159Z POST /user/registuser ::ffff:127.0.0.1
[2018-05-26 21:52:06.162] [INFO] cheese - Completed 200 undefined
[2018-05-26 21:55:42.706] [INFO] cheese - 

Started 2018-05-26T13:55:42.706Z GET /user/code?id=0.04390527272462563 ::ffff:127.0.0.1
[2018-05-26 21:55:42.729] [INFO] cheese - Completed 200 undefined
[2018-05-26 21:56:00.738] [INFO] cheese - 

Started 2018-05-26T13:56:00.738Z POST /user/registuser ::ffff:127.0.0.1
[2018-05-26 21:56:00.748] [INFO] cheese - Completed 200 undefined
[2018-05-26 21:57:45.490] [INFO] cheese - 

Started 2018-05-26T13:57:45.490Z GET /user/code?id=0.17114591399471957 ::ffff:127.0.0.1
[2018-05-26 21:57:45.494] [INFO] cheese - Completed 200 undefined
[2018-05-26 21:57:49.424] [INFO] cheese - 

Started 2018-05-26T13:57:49.424Z GET /user/code?id=0.847469227285294 ::ffff:127.0.0.1
[2018-05-26 21:57:49.428] [INFO] cheese - Completed 200 undefined
[2018-05-26 21:58:00.455] [INFO] cheese - 

Started 2018-05-26T13:58:00.455Z POST /user/registuser ::ffff:127.0.0.1
[2018-05-26 21:58:00.459] [INFO] cheese - Completed 200 undefined
[2018-05-26 21:58:12.372] [INFO] cheese - 

Started 2018-05-26T13:58:12.372Z GET /user/code?id=0.9426378559839939 ::ffff:127.0.0.1
[2018-05-26 21:58:12.385] [INFO] cheese - Completed 200 undefined
[2018-05-26 21:59:59.822] [INFO] cheese - 

Started 2018-05-26T13:59:59.821Z GET /user/code?id=0.4351593584781286 ::ffff:127.0.0.1
[2018-05-26 21:59:59.835] [INFO] cheese - Completed 200 undefined
[2018-05-26 22:00:15.417] [INFO] cheese - 

Started 2018-05-26T14:00:15.417Z POST /user/registuser ::ffff:127.0.0.1
[2018-05-26 22:00:15.425] [INFO] cheese - Completed 200 undefined
[2018-05-26 22:02:32.334] [INFO] cheese - 

Started 2018-05-26T14:02:32.334Z GET / ::1
[2018-05-26 22:02:32.341] [INFO] cheese - Completed 304 undefined
[2018-05-26 22:02:32.363] [INFO] cheese - 

Started 2018-05-26T14:02:32.363Z GET /src/css/styleret.css ::1
[2018-05-26 22:02:32.366] [INFO] cheese - 

Started 2018-05-26T14:02:32.366Z GET /src/js/adaptive.js ::1
[2018-05-26 22:02:32.368] [INFO] cheese - Completed 304 undefined
[2018-05-26 22:02:32.370] [INFO] cheese - 

Started 2018-05-26T14:02:32.370Z GET /dist/build.js ::1
[2018-05-26 22:02:32.373] [INFO] cheese - Completed 304 undefined
[2018-05-26 22:02:32.374] [INFO] cheese - Completed 304 undefined
[2018-05-26 22:02:32.537] [INFO] cheese - 

Started 2018-05-26T14:02:32.537Z GET /dist/0.build.js ::1
[2018-05-26 22:02:32.538] [INFO] cheese - Completed 304 undefined
[2018-05-26 22:02:32.607] [INFO] cheese - 

Started 2018-05-26T14:02:32.607Z GET /dist/search.png?b3baddcd2fb4cdb8d57a0949be62be37 ::1
[2018-05-26 22:02:32.609] [INFO] cheese - 

Started 2018-05-26T14:02:32.609Z GET /dist/timg.jpg?fe2f1b8a84fd358c70aa26ac05325199 ::1
[2018-05-26 22:02:32.611] [INFO] cheese - 

Started 2018-05-26T14:02:32.611Z GET /dist/fushi1.png?469f377a2f078c169c96704832bc8a17 ::1
[2018-05-26 22:02:32.613] [INFO] cheese - 

Started 2018-05-26T14:02:32.613Z GET /dist/shiwu1.png?19b6324c3125e0aa6a0d8d6dba304361 ::1
[2018-05-26 22:02:32.615] [INFO] cheese - Completed 304 undefined
[2018-05-26 22:02:32.617] [INFO] cheese - Completed 304 undefined
[2018-05-26 22:02:32.618] [INFO] cheese - Completed 304 undefined
[2018-05-26 22:02:32.625] [INFO] cheese - Completed 304 undefined
[2018-05-26 22:02:32.627] [INFO] cheese - 

Started 2018-05-26T14:02:32.627Z GET /dist/baihuo1.png?32bfe7733f33819d0888cb8103791606 ::1
[2018-05-26 22:02:32.629] [INFO] cheese - 

Started 2018-05-26T14:02:32.629Z GET /dist/ershou1.png?454dd90d09bd205a5642f9f7abaa920f ::1
[2018-05-26 22:02:32.631] [INFO] cheese - Completed 304 undefined
[2018-05-26 22:02:32.632] [INFO] cheese - Completed 304 undefined
[2018-05-26 22:02:32.634] [INFO] cheese - 

Started 2018-05-26T14:02:32.634Z GET /dist/shouye.png?98da7622da94a811fac8eaf01adfea63 ::1
[2018-05-26 22:02:32.636] [INFO] cheese - 

Started 2018-05-26T14:02:32.636Z GET /dist/zhongxin.png?585264935bd42db38d62ae000fcc2733 ::1
[2018-05-26 22:02:32.638] [INFO] cheese - 

Started 2018-05-26T14:02:32.638Z GET /dist/gouwuche.png?6f7c6888f7d3556e57bd1dcd55fa69d4 ::1
[2018-05-26 22:02:32.640] [INFO] cheese - 

Started 2018-05-26T14:02:32.640Z GET /dist/fenlei.png?6f69ab8e8a10b5d7219ca4185bf25cef ::1
[2018-05-26 22:02:32.642] [INFO] cheese - Completed 304 undefined
[2018-05-26 22:02:32.644] [INFO] cheese - Completed 304 undefined
[2018-05-26 22:02:32.646] [INFO] cheese - Completed 304 undefined
[2018-05-26 22:02:32.648] [INFO] cheese - Completed 304 undefined
[2018-05-26 22:02:32.651] [INFO] cheese - 

Started 2018-05-26T14:02:32.651Z GET /dist/local_pic.png?00c4e9debcbab3f5a8c1abb7ac1515da ::1
[2018-05-26 22:02:32.657] [INFO] cheese - Completed 304 undefined
[2018-05-26 22:02:36.592] [INFO] cheese - 

Started 2018-05-26T14:02:36.592Z GET /src/css/styleret.css ::1
[2018-05-26 22:02:36.595] [INFO] cheese - Completed 304 undefined
[2018-05-26 22:02:36.644] [INFO] cheese - 

Started 2018-05-26T14:02:36.643Z GET /dist/build.js.map ::1
[2018-05-26 22:02:36.651] [INFO] cheese - 

Started 2018-05-26T14:02:36.651Z GET /dist/0.build.js.map ::1
[2018-05-26 22:02:36.657] [INFO] cheese - Completed 304 undefined
[2018-05-26 22:02:36.710] [INFO] cheese - Completed 200 undefined
[2018-05-26 22:02:38.536] [INFO] cheese - 

Started 2018-05-26T14:02:38.536Z GET /dist/1.build.js ::1
[2018-05-26 22:02:38.537] [INFO] cheese - Completed 304 undefined
[2018-05-26 22:02:40.580] [INFO] cheese - 

Started 2018-05-26T14:02:40.580Z GET /dist/1.build.js.map ::1
[2018-05-26 22:02:40.582] [INFO] cheese - Completed 304 undefined
[2018-05-26 22:02:40.589] [INFO] cheese - 

Started 2018-05-26T14:02:40.589Z GET /dist/touxiang.jpg?dd668597cf98ecec5393f9d6d9753f78 ::1
[2018-05-26 22:02:40.594] [INFO] cheese - Completed 304 undefined
[2018-05-26 22:02:40.596] [INFO] cheese - 

Started 2018-05-26T14:02:40.596Z GET /dist/daifahuo.png?6bf503d30ed0debeabac53e6e048c1b5 ::1
[2018-05-26 22:02:40.598] [INFO] cheese - 

Started 2018-05-26T14:02:40.598Z GET /dist/fahuozhong.png?09eca7167bcaef96f9ef327e3c0e0234 ::1
[2018-05-26 22:02:40.601] [INFO] cheese - Completed 304 undefined
[2018-05-26 22:02:40.604] [INFO] cheese - Completed 304 undefined
[2018-05-26 22:02:40.606] [INFO] cheese - 

Started 2018-05-26T14:02:40.606Z GET /dist/daipingjia.png?3c25489d3ba5a572c80c77706280ebf8 ::1
[2018-05-26 22:02:40.608] [INFO] cheese - 

Started 2018-05-26T14:02:40.608Z GET /dist/myzl.png?b4c7097b30b7bc425cd7f88eb5b26240 ::1
[2018-05-26 22:02:40.610] [INFO] cheese - 

Started 2018-05-26T14:02:40.610Z GET /dist/shangjia.png?2538dada35018378212d5599f1f72e4d ::1
[2018-05-26 22:02:40.613] [INFO] cheese - Completed 304 undefined
[2018-05-26 22:02:40.614] [INFO] cheese - Completed 304 undefined
[2018-05-26 22:02:40.616] [INFO] cheese - Completed 304 undefined
[2018-05-26 22:02:40.618] [INFO] cheese - 

Started 2018-05-26T14:02:40.618Z GET /dist/work.png?cd14fb3bf7bf5b93f2cd88b177116e10 ::1
[2018-05-26 22:02:40.620] [INFO] cheese - 

Started 2018-05-26T14:02:40.620Z GET /dist/shouhuodizhi.png?bae76a35b0e93af70ec111696eb907b3 ::1
[2018-05-26 22:02:40.623] [INFO] cheese - 

Started 2018-05-26T14:02:40.623Z GET /dist/fuwuzhongxin.png?77d7491df2409eaaf80181df8e9a6533 ::1
[2018-05-26 22:02:40.625] [INFO] cheese - Completed 304 undefined
[2018-05-26 22:02:40.627] [INFO] cheese - Completed 304 undefined
[2018-05-26 22:02:40.629] [INFO] cheese - Completed 304 undefined
[2018-05-26 22:02:40.631] [INFO] cheese - 

Started 2018-05-26T14:02:40.630Z GET /dist/shouye.png?98da7622da94a811fac8eaf01adfea63 ::1
[2018-05-26 22:02:40.633] [INFO] cheese - 

Started 2018-05-26T14:02:40.632Z GET /dist/gouwuche.png?6f7c6888f7d3556e57bd1dcd55fa69d4 ::1
[2018-05-26 22:02:40.634] [INFO] cheese - 

Started 2018-05-26T14:02:40.634Z GET /dist/fenlei.png?6f69ab8e8a10b5d7219ca4185bf25cef ::1
[2018-05-26 22:02:40.636] [INFO] cheese - Completed 304 undefined
[2018-05-26 22:02:40.639] [INFO] cheese - Completed 304 undefined
[2018-05-26 22:02:40.641] [INFO] cheese - Completed 304 undefined
[2018-05-26 22:02:40.643] [INFO] cheese - 

Started 2018-05-26T14:02:40.643Z GET /dist/zhongxin.png?585264935bd42db38d62ae000fcc2733 ::1
[2018-05-26 22:02:40.645] [INFO] cheese - Completed 304 undefined
[2018-05-26 22:02:40.650] [INFO] cheese - 

Started 2018-05-26T14:02:40.650Z GET /dist/my_background.jpg?6d502c5551118782f3faf36549f59a23 ::1
[2018-05-26 22:02:40.653] [INFO] cheese - Completed 304 undefined
[2018-05-26 22:02:41.929] [INFO] cheese - 

Started 2018-05-26T14:02:41.929Z GET /dist/2.build.js ::1
[2018-05-26 22:02:41.933] [INFO] cheese - Completed 200 undefined
[2018-05-26 22:02:41.970] [INFO] cheese - 

Started 2018-05-26T14:02:41.970Z GET /src/img/upload.png ::1
[2018-05-26 22:02:41.974] [INFO] cheese - 

Started 2018-05-26T14:02:41.974Z GET /dist/2.build.js.map ::1
[2018-05-26 22:02:41.977] [INFO] cheese - Completed 200 undefined
[2018-05-26 22:02:41.979] [INFO] cheese - Completed 200 undefined
[2018-05-26 22:02:45.532] [INFO] cheese - 

Started 2018-05-26T14:02:45.532Z GET /dist/9.build.js ::1
[2018-05-26 22:02:45.534] [INFO] cheese - Completed 304 undefined
[2018-05-26 22:02:45.546] [INFO] cheese - 

Started 2018-05-26T14:02:45.546Z GET /dist/weixin.jpg?90c2b9a2f3992bfe1224b1cec943a43a ::1
[2018-05-26 22:02:45.550] [INFO] cheese - Completed 304 undefined
[2018-05-26 22:02:45.553] [INFO] cheese - 

Started 2018-05-26T14:02:45.553Z GET /dist/9.build.js.map ::1
[2018-05-26 22:02:45.555] [INFO] cheese - Completed 304 undefined
[2018-05-26 22:02:47.247] [INFO] cheese - 

Started 2018-05-26T14:02:47.247Z GET /dist/12.build.js ::1
[2018-05-26 22:02:47.249] [INFO] cheese - Completed 200 undefined
[2018-05-26 22:02:47.265] [INFO] cheese - 

Started 2018-05-26T14:02:47.265Z GET /user/code?id=0.14068862066806131 ::ffff:127.0.0.1
[2018-05-26 22:02:47.270] [INFO] cheese - Completed 200 undefined
[2018-05-26 22:02:47.272] [INFO] cheese - 

Started 2018-05-26T14:02:47.272Z GET /dist/12.build.js.map ::1
[2018-05-26 22:02:47.277] [INFO] cheese - Completed 200 undefined
[2018-05-26 22:03:06.427] [INFO] cheese - 

Started 2018-05-26T14:03:06.427Z POST /user/registuser ::ffff:127.0.0.1
[2018-05-26 22:03:06.430] [INFO] cheese - Completed 200 undefined
[2018-05-26 22:03:31.814] [INFO] cheese - 

Started 2018-05-26T14:03:31.814Z GET / ::ffff:127.0.0.1
[2018-05-26 22:03:31.823] [INFO] cheese - Completed 200 undefined
[2018-05-26 22:03:32.024] [INFO] cheese - 

Started 2018-05-26T14:03:32.024Z GET /src/css/styleret.css ::ffff:127.0.0.1
[2018-05-26 22:03:32.041] [INFO] cheese - 

Started 2018-05-26T14:03:32.041Z GET /src/js/adaptive.js ::ffff:127.0.0.1
[2018-05-26 22:03:32.044] [INFO] cheese - 

Started 2018-05-26T14:03:32.044Z GET /dist/build.js ::ffff:127.0.0.1
[2018-05-26 22:03:32.053] [INFO] cheese - Completed 200 undefined
[2018-05-26 22:03:32.060] [INFO] cheese - Completed 200 undefined
[2018-05-26 22:03:32.068] [INFO] cheese - Completed 200 undefined
[2018-05-26 22:03:32.221] [INFO] cheese - 

Started 2018-05-26T14:03:32.221Z GET /dist/12.build.js ::ffff:127.0.0.1
[2018-05-26 22:03:32.224] [INFO] cheese - Completed 200 undefined
[2018-05-26 22:03:32.248] [INFO] cheese - 

Started 2018-05-26T14:03:32.248Z GET /dist/build.js.map ::ffff:127.0.0.1
[2018-05-26 22:03:32.317] [INFO] cheese - Completed 200 undefined
[2018-05-26 22:03:32.347] [INFO] cheese - 

Started 2018-05-26T14:03:32.347Z GET /user/code?id=0.8025966454763351 ::ffff:127.0.0.1
[2018-05-26 22:03:32.350] [INFO] cheese - Completed 200 undefined
[2018-05-26 22:03:32.431] [INFO] cheese - 

Started 2018-05-26T14:03:32.431Z GET /favicon.ico ::ffff:127.0.0.1
[2018-05-26 22:03:32.438] [INFO] cheese - Completed 404 undefined
[2018-05-26 22:03:32.451] [INFO] cheese - 

Started 2018-05-26T14:03:32.451Z GET /dist/12.build.js.map ::ffff:127.0.0.1
[2018-05-26 22:03:32.455] [INFO] cheese - Completed 200 undefined
[2018-05-26 22:03:35.634] [INFO] cheese - 

Started 2018-05-26T14:03:35.634Z GET /user/code?id=0.8362004442024922 ::ffff:127.0.0.1
[2018-05-26 22:03:35.638] [INFO] cheese - Completed 200 undefined
[2018-05-26 22:03:53.912] [INFO] cheese - 

Started 2018-05-26T14:03:53.912Z POST /user/registuser ::ffff:127.0.0.1
[2018-05-26 22:03:53.915] [INFO] cheese - Completed 200 undefined
[2018-05-26 22:04:32.875] [INFO] cheese - 

Started 2018-05-26T14:04:32.875Z POST /user/registuser ::ffff:127.0.0.1
[2018-05-26 22:04:32.914] [INFO] cheese - Completed 200 undefined
[2018-05-26 22:05:25.312] [INFO] cheese - 

Started 2018-05-26T14:05:25.312Z GET /dist/9.build.js ::ffff:127.0.0.1
[2018-05-26 22:05:25.317] [INFO] cheese - Completed 200 undefined
[2018-05-26 22:05:26.052] [INFO] cheese - 

Started 2018-05-26T14:05:26.052Z GET /dist/weixin.jpg?90c2b9a2f3992bfe1224b1cec943a43a ::ffff:127.0.0.1
[2018-05-26 22:05:26.055] [INFO] cheese - Completed 200 undefined
[2018-05-26 22:05:26.058] [INFO] cheese - 

Started 2018-05-26T14:05:26.058Z GET /dist/9.build.js.map ::ffff:127.0.0.1
[2018-05-26 22:05:26.061] [INFO] cheese - Completed 200 undefined
[2018-05-26 22:05:34.381] [INFO] cheese - 

Started 2018-05-26T14:05:34.381Z POST /user/login ::ffff:127.0.0.1
[2018-05-26 22:19:53.872] [INFO] cheese - 

Started 2018-05-26T14:19:53.871Z POST /user/login ::ffff:127.0.0.1
[2018-05-26 22:19:53.917] [INFO] cheese - Completed 200 undefined
[2018-05-26 22:19:53.925] [INFO] cheese - 

Started 2018-05-26T14:19:53.925Z GET /dist/0.build.js ::ffff:127.0.0.1
[2018-05-26 22:19:53.937] [INFO] cheese - Completed 200 undefined
[2018-05-26 22:19:53.970] [INFO] cheese - 

Started 2018-05-26T14:19:53.970Z GET /dist/0.build.js.map ::ffff:127.0.0.1
[2018-05-26 22:19:53.977] [INFO] cheese - Completed 200 undefined
[2018-05-26 22:19:53.985] [INFO] cheese - 

Started 2018-05-26T14:19:53.985Z GET /dist/search.png?b3baddcd2fb4cdb8d57a0949be62be37 ::ffff:127.0.0.1
[2018-05-26 22:19:53.997] [INFO] cheese - 

Started 2018-05-26T14:19:53.997Z GET /dist/timg.jpg?fe2f1b8a84fd358c70aa26ac05325199 ::ffff:127.0.0.1
[2018-05-26 22:19:54.002] [INFO] cheese - 

Started 2018-05-26T14:19:54.002Z GET /dist/fushi1.png?469f377a2f078c169c96704832bc8a17 ::ffff:127.0.0.1
[2018-05-26 22:19:54.004] [INFO] cheese - 

Started 2018-05-26T14:19:54.004Z GET /dist/shiwu1.png?19b6324c3125e0aa6a0d8d6dba304361 ::ffff:127.0.0.1
[2018-05-26 22:19:54.005] [INFO] cheese - 

Started 2018-05-26T14:19:54.005Z GET /dist/baihuo1.png?32bfe7733f33819d0888cb8103791606 ::ffff:127.0.0.1
[2018-05-26 22:19:54.006] [INFO] cheese - 

Started 2018-05-26T14:19:54.006Z GET /dist/ershou1.png?454dd90d09bd205a5642f9f7abaa920f ::ffff:127.0.0.1
[2018-05-26 22:19:54.012] [INFO] cheese - Completed 200 undefined
[2018-05-26 22:19:54.014] [INFO] cheese - Completed 200 undefined
[2018-05-26 22:19:54.018] [INFO] cheese - Completed 200 undefined
[2018-05-26 22:19:54.020] [INFO] cheese - Completed 200 undefined
[2018-05-26 22:19:54.021] [INFO] cheese - Completed 200 undefined
[2018-05-26 22:19:54.023] [INFO] cheese - Completed 200 undefined
[2018-05-26 22:19:54.026] [INFO] cheese - 

Started 2018-05-26T14:19:54.026Z GET /dist/local_pic.png?00c4e9debcbab3f5a8c1abb7ac1515da ::ffff:127.0.0.1
[2018-05-26 22:19:54.028] [INFO] cheese - 

Started 2018-05-26T14:19:54.028Z GET /dist/shouye.png?98da7622da94a811fac8eaf01adfea63 ::ffff:127.0.0.1
[2018-05-26 22:19:54.033] [INFO] cheese - 

Started 2018-05-26T14:19:54.033Z GET /dist/gouwuche.png?6f7c6888f7d3556e57bd1dcd55fa69d4 ::ffff:127.0.0.1
[2018-05-26 22:19:54.034] [INFO] cheese - 

Started 2018-05-26T14:19:54.034Z GET /dist/fenlei.png?6f69ab8e8a10b5d7219ca4185bf25cef ::ffff:127.0.0.1
[2018-05-26 22:19:54.036] [INFO] cheese - 

Started 2018-05-26T14:19:54.036Z GET /dist/zhongxin.png?585264935bd42db38d62ae000fcc2733 ::ffff:127.0.0.1
[2018-05-26 22:19:54.042] [INFO] cheese - Completed 200 undefined
[2018-05-26 22:19:54.043] [INFO] cheese - Completed 200 undefined
[2018-05-26 22:19:54.046] [INFO] cheese - Completed 200 undefined
[2018-05-26 22:19:54.047] [INFO] cheese - Completed 200 undefined
[2018-05-26 22:19:54.049] [INFO] cheese - Completed 200 undefined
[2018-05-26 22:20:36.098] [INFO] cheese - 

Started 2018-05-26T14:20:36.098Z GET /dist/1.build.js ::ffff:127.0.0.1
[2018-05-26 22:20:36.102] [INFO] cheese - Completed 200 undefined
[2018-05-26 22:20:37.626] [INFO] cheese - 

Started 2018-05-26T14:20:37.626Z GET /dist/touxiang.jpg?dd668597cf98ecec5393f9d6d9753f78 ::ffff:127.0.0.1
[2018-05-26 22:20:37.639] [INFO] cheese - 

Started 2018-05-26T14:20:37.639Z GET /dist/daifahuo.png?6bf503d30ed0debeabac53e6e048c1b5 ::ffff:127.0.0.1
[2018-05-26 22:20:37.649] [INFO] cheese - 

Started 2018-05-26T14:20:37.649Z GET /dist/fahuozhong.png?09eca7167bcaef96f9ef327e3c0e0234 ::ffff:127.0.0.1
[2018-05-26 22:20:37.652] [INFO] cheese - 

Started 2018-05-26T14:20:37.652Z GET /dist/daipingjia.png?3c25489d3ba5a572c80c77706280ebf8 ::ffff:127.0.0.1
[2018-05-26 22:20:37.655] [INFO] cheese - 

Started 2018-05-26T14:20:37.655Z GET /dist/myzl.png?b4c7097b30b7bc425cd7f88eb5b26240 ::ffff:127.0.0.1
[2018-05-26 22:20:37.656] [INFO] cheese - 

Started 2018-05-26T14:20:37.656Z GET /dist/shangjia.png?2538dada35018378212d5599f1f72e4d ::ffff:127.0.0.1
[2018-05-26 22:20:37.661] [INFO] cheese - Completed 200 undefined
[2018-05-26 22:20:37.664] [INFO] cheese - Completed 200 undefined
[2018-05-26 22:20:37.668] [INFO] cheese - 

Started 2018-05-26T14:20:37.668Z GET /dist/1.build.js.map ::ffff:127.0.0.1
[2018-05-26 22:20:37.669] [INFO] cheese - Completed 200 undefined
[2018-05-26 22:20:37.670] [INFO] cheese - Completed 200 undefined
[2018-05-26 22:20:37.676] [INFO] cheese - 

Started 2018-05-26T14:20:37.676Z GET /dist/shouhuodizhi.png?bae76a35b0e93af70ec111696eb907b3 ::ffff:127.0.0.1
[2018-05-26 22:20:37.678] [INFO] cheese - Completed 200 undefined
[2018-05-26 22:20:37.679] [INFO] cheese - Completed 200 undefined
[2018-05-26 22:20:37.682] [INFO] cheese - 

Started 2018-05-26T14:20:37.682Z GET /dist/work.png?cd14fb3bf7bf5b93f2cd88b177116e10 ::ffff:127.0.0.1
[2018-05-26 22:20:37.683] [INFO] cheese - 

Started 2018-05-26T14:20:37.683Z GET /dist/fuwuzhongxin.png?77d7491df2409eaaf80181df8e9a6533 ::ffff:127.0.0.1
[2018-05-26 22:20:37.687] [INFO] cheese - 

Started 2018-05-26T14:20:37.687Z GET /dist/my_background.jpg?6d502c5551118782f3faf36549f59a23 ::ffff:127.0.0.1
[2018-05-26 22:20:37.689] [INFO] cheese - Completed 200 undefined
[2018-05-26 22:20:37.697] [INFO] cheese - Completed 200 undefined
[2018-05-26 22:20:37.700] [INFO] cheese - Completed 200 undefined
[2018-05-26 22:20:37.703] [INFO] cheese - Completed 200 undefined
[2018-05-26 22:20:37.721] [INFO] cheese - Completed 200 undefined
[2018-05-26 22:20:44.796] [INFO] cheese - 

Started 2018-05-26T14:20:44.796Z GET /dist/5.build.js ::ffff:127.0.0.1
[2018-05-26 22:20:44.801] [INFO] cheese - Completed 200 undefined
[2018-05-26 22:20:45.107] [INFO] cheese - 

Started 2018-05-26T14:20:45.107Z GET /dist/5.build.js.map ::ffff:127.0.0.1
[2018-05-26 22:20:45.111] [INFO] cheese - Completed 200 undefined
[2018-05-26 22:21:09.985] [INFO] cheese - 

Started 2018-05-26T14:21:09.985Z GET /dist/18.build.js ::ffff:127.0.0.1
[2018-05-26 22:21:09.989] [INFO] cheese - Completed 200 undefined
[2018-05-26 22:21:10.047] [INFO] cheese - 

Started 2018-05-26T14:21:10.047Z GET /dist/18.build.js.map ::ffff:127.0.0.1
[2018-05-26 22:21:10.051] [INFO] cheese - Completed 200 undefined
[2018-05-26 22:21:10.066] [INFO] cheese - 

Started 2018-05-26T14:21:10.066Z GET /src/img/upload.png ::ffff:127.0.0.1
[2018-05-26 22:21:10.069] [INFO] cheese - Completed 200 undefined
